Tanampohon/app/build/intermediates/manifest_merge_blame_file/debug/manifest-merger-blame-debug-report.txt
1<?xml version="1.0" encoding="utf-8"?>
2<manifest xmlns:android="http://schemas.android.com/apk/res/android"
3    package="com.example.tanampohon"
4    android:versionCode="1"
5    android:versionName="1.0" >
6
7    <uses-sdk
8        android:minSdkVersion="24"
8-->src\main\AndroidManifest.xml
9        android:targetSdkVersion="29" />
9-->src\main\AndroidManifest.xml
10
11    <uses-permission android:name="android.permission.INTERNET" />
11-->src\main\AndroidManifest.xml:5:5-67
11-->src\main\AndroidManifest.xml:5:22-64
12
13    <application
13-->src\main\AndroidManifest.xml:7:5-36:19
14        android:allowBackup="true"
14-->src\main\AndroidManifest.xml:8:9-35
15        android:appComponentFactory="androidx.core.app.CoreComponentFactory"
15-->[androidx.core:core:1.1.0] AndroidManifest.xml:24:18-86
16        android:debuggable="true"
17        android:icon="@drawable/logo"
17-->src\main\AndroidManifest.xml:9:9-38
18        android:label="@string/app_name"
18-->src\main\AndroidManifest.xml:10:9-41
19        android:roundIcon="@drawable/logo"
19-->src\main\AndroidManifest.xml:11:9-43
20        android:supportsRtl="true"
20-->src\main\AndroidManifest.xml:12:9-35
21        android:testOnly="true"
22        android:theme="@style/Theme.AppCompat.Light.NoActionBar" >
22-->src\main\AndroidManifest.xml:13:9-65
23        <activity android:name="com.example.tanampohon.TerimakasihActivity" />
23-->src\main\AndroidManifest.xml:14:9-66
23-->src\main\AndroidManifest.xml:14:19-54
24        <activity
24-->src\main\AndroidManifest.xml:15:9-19:20
25            android:name="com.example.tanampohon.RiwayatActivity"
25-->src\main\AndroidManifest.xml:15:19-50
26            android:label="Riwayat Donasi"
26-->src\main\AndroidManifest.xml:16:13-43
27            android:parentActivityName="com.example.tanampohon.HomeActivity"
27-->src\main\AndroidManifest.xml:18:13-55
28            android:theme="@style/AppTheme" >
28-->src\main\AndroidManifest.xml:17:13-44
29        </activity>
30        <activity android:name="com.example.tanampohon.DonasiActivity" />
30-->src\main\AndroidManifest.xml:20:9-52
30-->src\main\AndroidManifest.xml:20:19-49
31        <activity
31-->src\main\AndroidManifest.xml:21:9-25:20
32            android:name="com.example.tanampohon.AkunActivity"
32-->src\main\AndroidManifest.xml:21:19-47
33            android:label="Profil Akun"
33-->src\main\AndroidManifest.xml:22:13-40
34            android:parentActivityName="com.example.tanampohon.HomeActivity"
34-->src\main\AndroidManifest.xml:24:13-55
35            android:theme="@style/AppTheme" >
35-->src\main\AndroidManifest.xml:23:13-44
36        </activity>
37        <activity android:name="com.example.tanampohon.HomeActivity" />
37-->src\main\AndroidManifest.xml:26:9-49
37-->src\main\AndroidManifest.xml:26:19-47
38        <activity android:name="com.example.tanampohon.RegisterActivity" />
38-->src\main\AndroidManifest.xml:27:9-54
38-->src\main\AndroidManifest.xml:27:19-51
39        <activity android:name="com.example.tanampohon.Koneksi.AkunActivity" />
39-->src\main\AndroidManifest.xml:28:9-58
39-->src\main\AndroidManifest.xml:28:19-55
40        <activity android:name="com.example.tanampohon.LoginActivity" >
40-->src\main\AndroidManifest.xml:29:9-35:20
40-->src\main\AndroidManifest.xml:29:19-48
41            <intent-filter>
41-->src\main\AndroidManifest.xml:30:13-34:29
42                <action android:name="android.intent.action.MAIN" />
42-->src\main\AndroidManifest.xml:31:17-69
42-->src\main\AndroidManifest.xml:31:25-66
43
44                <category android:name="android.intent.category.LAUNCHER" />
44-->src\main\AndroidManifest.xml:33:17-77
44-->src\main\AndroidManifest.xml:33:27-74
45            </intent-filter>
46        </activity>
47    </application>
48
49</manifest>